0 info it worked if it ends with ok
1 verbose cli [ '/usr/bin/node', '/usr/bin/npm', 'install', 'buffer' ]
2 info using npm@1.2.32
3 info using node@v0.10.12
4 verbose node symlink /usr/bin/node
5 verbose read json /home/ubuntu/myrepo/package.json
6 verbose read json /home/ubuntu/myrepo/node_modules/express/package.json
7 verbose from cache /home/ubuntu/myrepo/package.json
8 verbose readDependencies using package.json deps
9 verbose cache add [ 'buffer', null ]
10 verbose cache add name=undefined spec="buffer" args=["buffer",null]
11 verbose parsed url { protocol: null,
11 verbose parsed url   slashes: null,
11 verbose parsed url   auth: null,
11 verbose parsed url   host: null,
11 verbose parsed url   port: null,
11 verbose parsed url   hostname: null,
11 verbose parsed url   hash: null,
11 verbose parsed url   search: null,
11 verbose parsed url   query: null,
11 verbose parsed url   pathname: 'buffer',
11 verbose parsed url   path: 'buffer',
11 verbose parsed url   href: 'buffer' }
12 silly lockFile e53c2ea1-buffer buffer
13 verbose lock buffer /home/ubuntu/.npm/e53c2ea1-buffer.lock
14 silly lockFile e53c2ea1-buffer buffer
15 silly lockFile e53c2ea1-buffer buffer
16 verbose addNamed [ 'buffer', '' ]
17 verbose addNamed [ null, '' ]
18 silly lockFile 777de10c-buffer buffer@
19 verbose lock buffer@ /home/ubuntu/.npm/777de10c-buffer.lock
20 silly addNameRange { name: 'buffer', range: '', hasData: false }
21 verbose url raw buffer
22 verbose url resolving [ 'https://registry.npmjs.org/', './buffer' ]
23 verbose url resolved https://registry.npmjs.org/buffer
24 info trying registry request attempt 1 at 07:26:13
25 http GET https://registry.npmjs.org/buffer
26 http 404 https://registry.npmjs.org/buffer
27 silly registry.get cb [ 404,
27 silly registry.get   { server: 'CouchDB/1.3.0 (Erlang OTP/R15B03)',
27 silly registry.get     date: 'Wed, 24 Jul 2013 07:26:14 GMT',
27 silly registry.get     'content-type': 'application/json',
27 silly registry.get     'content-length': '52',
27 silly registry.get     'cache-control': 'must-revalidate' } ]
28 silly lockFile 777de10c-buffer buffer@
29 silly lockFile 777de10c-buffer buffer@
30 error 404 'buffer' is not in the npm registry.
30 error 404 You should bug the author to publish it
30 error 404
30 error 404 Note that you can also install from a
30 error 404 tarball, folder, or http url, or git url.
31 error System Linux 3.2.0-40-virtual
32 error command "/usr/bin/node" "/usr/bin/npm" "install" "buffer"
33 error cwd /home/ubuntu/myrepo
34 error node -v v0.10.12
35 error npm -v 1.2.32
36 error code E404
37 verbose exit [ 1, true ]
